This is pdfTeX, Version 3.141592653-2.6-1.40.22 (TeX Live 2021) (preloaded format=pdflatex 2021.6.6)  6 JUL 2021 21:06
entering extended mode
 restricted \write18 enabled.
 file:line:error style messages enabled.
 %&-line parsing enabled.
**LISA_user_manual.tex
(./LISA_user_manual.tex
LaTeX2e <2021-06-01>
L3 programming layer <2021-06-01>
(/usr/local/texlive/2021/texmf-dist/tex/latex/base/article.cls
Document Class: article 2021/02/12 v1.4n Standard LaTeX document class
(/usr/local/texlive/2021/texmf-dist/tex/latex/base/size12.clo
File: size12.clo 2021/02/12 v1.4n Standard LaTeX file (size option)
)
\c@part=\count182
\c@section=\count183
\c@subsection=\count184
\c@subsubsection=\count185
\c@paragraph=\count186
\c@subparagraph=\count187
\c@figure=\count188
\c@table=\count189
\abovecaptionskip=\skip47
\belowcaptionskip=\skip48
\bibindent=\dimen138
)
(./top-LISA_user_manual.tex
(/usr/local/texlive/2021/texmf-dist/tex/latex/graphics/graphicx.sty
Package: graphicx 2020/12/05 v1.2c Enhanced LaTeX Graphics (DPC,SPQR)

(/usr/local/texlive/2021/texmf-dist/tex/latex/graphics/keyval.sty
Package: keyval 2014/10/28 v1.15 key=value parser (DPC)
\KV@toks@=\toks16
)
(/usr/local/texlive/2021/texmf-dist/tex/latex/graphics/graphics.sty
Package: graphics 2021/03/04 v1.4d Standard LaTeX Graphics (DPC,SPQR)

(/usr/local/texlive/2021/texmf-dist/tex/latex/graphics/trig.sty
Package: trig 2016/01/03 v1.10 sin cos tan (DPC)
)
(/usr/local/texlive/2021/texmf-dist/tex/latex/graphics-cfg/graphics.cfg
File: graphics.cfg 2016/06/04 v1.11 sample graphics configuration
)
Package graphics Info: Driver file: pdftex.def on input line 107.

(/usr/local/texlive/2021/texmf-dist/tex/latex/graphics-def/pdftex.def
File: pdftex.def 2020/10/05 v1.2a Graphics/color driver for pdftex
))
\Gin@req@height=\dimen139
\Gin@req@width=\dimen140
)
(/usr/local/texlive/2021/texmf-dist/tex/latex/enumitem/enumitem.sty
Package: enumitem 2019/06/20 v3.9 Customized lists
\labelindent=\skip49
\enit@outerparindent=\dimen141
\enit@toks=\toks17
\enit@inbox=\box50
\enit@count@id=\count190
\enitdp@description=\count191
)
(/usr/local/texlive/2021/texmf-dist/tex/latex/amsfonts/amssymb.sty
Package: amssymb 2013/01/14 v3.01 AMS font symbols

(/usr/local/texlive/2021/texmf-dist/tex/latex/amsfonts/amsfonts.sty
Package: amsfonts 2013/01/14 v3.01 Basic AMSFonts support
\@emptytoks=\toks18
\symAMSa=\mathgroup4
\symAMSb=\mathgroup5
LaTeX Font Info:    Redeclaring math symbol \hbar on input line 98.
LaTeX Font Info:    Overwriting math alphabet `\mathfrak' in version `bold'
(Font)                  U/euf/m/n --> U/euf/b/n on input line 106.
))
(/usr/local/texlive/2021/texmf-dist/tex/latex/amsmath/amsmath.sty
Package: amsmath 2021/04/20 v2.17j AMS math features
\@mathmargin=\skip50

For additional information on amsmath, use the `?' option.
(/usr/local/texlive/2021/texmf-dist/tex/latex/amsmath/amstext.sty
Package: amstext 2000/06/29 v2.01 AMS text

(/usr/local/texlive/2021/texmf-dist/tex/latex/amsmath/amsgen.sty
File: amsgen.sty 1999/11/30 v2.0 generic functions
\@emptytoks=\toks19
\ex@=\dimen142
))
(/usr/local/texlive/2021/texmf-dist/tex/latex/amsmath/amsbsy.sty
Package: amsbsy 1999/11/29 v1.2d Bold Symbols
\pmbraise@=\dimen143
)
(/usr/local/texlive/2021/texmf-dist/tex/latex/amsmath/amsopn.sty
Package: amsopn 2016/03/08 v2.02 operator names
)
\inf@bad=\count192
LaTeX Info: Redefining \frac on input line 234.
\uproot@=\count193
\leftroot@=\count194
LaTeX Info: Redefining \overline on input line 399.
\classnum@=\count195
\DOTSCASE@=\count196
LaTeX Info: Redefining \ldots on input line 496.
LaTeX Info: Redefining \dots on input line 499.
LaTeX Info: Redefining \cdots on input line 620.
\Mathstrutbox@=\box51
\strutbox@=\box52
\big@size=\dimen144
LaTeX Font Info:    Redeclaring font encoding OML on input line 743.
LaTeX Font Info:    Redeclaring font encoding OMS on input line 744.
\macc@depth=\count197
\c@MaxMatrixCols=\count198
\dotsspace@=\muskip16
\c@parentequation=\count199
\dspbrk@lvl=\count266
\tag@help=\toks20
\row@=\count267
\column@=\count268
\maxfields@=\count269
\andhelp@=\toks21
\eqnshift@=\dimen145
\alignsep@=\dimen146
\tagshift@=\dimen147
\tagwidth@=\dimen148
\totwidth@=\dimen149
\lineht@=\dimen150
\@envbody=\toks22
\multlinegap=\skip51
\multlinetaggap=\skip52
\mathdisplay@stack=\toks23
LaTeX Info: Redefining \[ on input line 2923.
LaTeX Info: Redefining \] on input line 2924.
)
(/usr/local/texlive/2021/texmf-dist/tex/latex/xcolor/xcolor.sty
Package: xcolor 2016/05/11 v2.12 LaTeX color extensions (UK)

(/usr/local/texlive/2021/texmf-dist/tex/latex/graphics-cfg/color.cfg
File: color.cfg 2016/01/02 v1.6 sample color configuration
)
Package xcolor Info: Driver file: pdftex.def on input line 225.
Package xcolor Info: Model `cmy' substituted by `cmy0' on input line 1348.
Package xcolor Info: Model `hsb' substituted by `rgb' on input line 1352.
Package xcolor Info: Model `RGB' extended on input line 1364.
Package xcolor Info: Model `HTML' substituted by `rgb' on input line 1366.
Package xcolor Info: Model `Hsb' substituted by `hsb' on input line 1367.
Package xcolor Info: Model `tHsb' substituted by `hsb' on input line 1368.
Package xcolor Info: Model `HSB' substituted by `hsb' on input line 1369.
Package xcolor Info: Model `Gray' substituted by `gray' on input line 1370.
Package xcolor Info: Model `wave' substituted by `hsb' on input line 1371.
)
(/usr/local/texlive/2021/texmf-dist/tex/latex/listings/listings.sty
\lst@mode=\count270
\lst@gtempboxa=\box53
\lst@token=\toks24
\lst@length=\count271
\lst@currlwidth=\dimen151
\lst@column=\count272
\lst@pos=\count273
\lst@lostspace=\dimen152
\lst@width=\dimen153
\lst@newlines=\count274
\lst@lineno=\count275
\lst@maxwidth=\dimen154

(/usr/local/texlive/2021/texmf-dist/tex/latex/listings/lstmisc.sty
File: lstmisc.sty 2020/03/24 1.8d (Carsten Heinz)
\c@lstnumber=\count276
\lst@skipnumbers=\count277
\lst@framebox=\box54
)
(/usr/local/texlive/2021/texmf-dist/tex/latex/listings/listings.cfg
File: listings.cfg 2020/03/24 1.8d listings configuration
))
Package: listings 2020/03/24 1.8d (Carsten Heinz)

(/usr/local/texlive/2021/texmf-dist/tex/latex/psnfss/times.sty
Package: times 2020/03/25 PSNFSS-v9.3 (SPQR) 
)
(/usr/local/texlive/2021/texmf-dist/tex/latex/natbib/natbib.sty
Package: natbib 2010/09/13 8.31b (PWD, AO)
\bibhang=\skip53
\bibsep=\skip54
LaTeX Info: Redefining \cite on input line 694.
\c@NAT@ctr=\count278
)
(/usr/local/texlive/2021/texmf-dist/tex/latex/etoolbox/etoolbox.sty
Package: etoolbox 2020/10/05 v2.5k e-TeX tools for LaTeX (JAW)
\etb@tempcnta=\count279
)
(./astjnlabbrev-jh.sty)
(/usr/local/texlive/2021/texmf-dist/tex/latex/natbib/bibentry.sty
Package: bibentry 2007/10/30 1.5 (PWD)
)
(/usr/local/texlive/2021/texmf-dist/tex/latex/base/ifthen.sty
Package: ifthen 2020/11/24 v1.1c Standard LaTeX ifthen package (DPC)
)
(/usr/local/texlive/2021/texmf-dist/tex/latex/graphics/epsfig.sty
Package: epsfig 2017/06/25 v1.7b (e)psfig emulation (SPQR)
\epsfxsize=\dimen155
\epsfysize=\dimen156
)
(/usr/local/texlive/2021/texmf-dist/tex/latex/commath/commath.sty)
(/usr/local/texlive/2021/texmf-dist/tex/latex/graphics/rotating.sty
Package: rotating 2016/08/11 v2.16d rotated objects in LaTeX
\c@r@tfl@t=\count280
\rotFPtop=\skip55
\rotFPbot=\skip56
\rot@float@box=\box55
\rot@mess@toks=\toks25
)
(/usr/local/texlive/2021/texmf-dist/tex/generic/dirtree/dirtree.sty
Package: dirtree 2012/12/11 v0.32 package wrapper for dirtree

(/usr/local/texlive/2021/texmf-dist/tex/generic/dirtree/dirtree.tex
`dirtree' v0.32, 2012/12/11 (jcc)
\DT@offset=\dimen157
\DT@width=\dimen158
\DT@sep=\dimen159
\DT@all=\dimen160
\DT@rulewidth=\dimen161
\DT@dotwidth=\dimen162
\DTbaselineskip=\dimen163
\DT@counti=\count281
\DT@countii=\count282
\DT@countiii=\count283
\DT@countiv=\count284
\DT@indent=\dimen164
\DT@parskip=\dimen165
\DT@baselineskip=\dimen166
)
File: dirtree.tex 2012/12/11 v0.32 `dirtree' (jcc)
)
(/usr/local/texlive/2021/texmf-dist/tex/latex/changepage/changepage.sty
Package: changepage 2009/10/20 v1.0c check page and change page layout
\c@cp@cntr=\count285
\cp@tempcnt=\count286
)
(/usr/local/texlive/2021/texmf-dist/tex/latex/base/alltt.sty
Package: alltt 2021/01/29 v2.0g defines alltt environment
)
LaTeX Font Info:    Trying to load font information for T1+txtt on input line 5
1.

(/usr/local/texlive/2021/texmf-dist/tex/latex/txfonts/t1txtt.fd
File: t1txtt.fd 2000/12/15 v3.1
)
(/usr/local/texlive/2021/texmf-dist/tex/latex/listings/lstlang1.sty
File: lstlang1.sty 2020/03/24 1.8d listings language file
)
(/usr/local/texlive/2021/texmf-dist/tex/latex/listings/lstlang2.sty
File: lstlang2.sty 2020/03/24 1.8d listings language file
)
(/usr/local/texlive/2021/texmf-dist/tex/latex/listings/lstlang3.sty
File: lstlang3.sty 2020/03/24 1.8d listings language file
)
(/usr/local/texlive/2021/texmf-dist/tex/latex/listings/lstlang1.sty
File: lstlang1.sty 2020/03/24 1.8d listings language file
)
(/usr/local/texlive/2021/texmf-dist/tex/latex/listings/lstlang2.sty
File: lstlang2.sty 2020/03/24 1.8d listings language file
)
(/usr/local/texlive/2021/texmf-dist/tex/latex/listings/lstlang3.sty
File: lstlang3.sty 2020/03/24 1.8d listings language file
)
(/usr/local/texlive/2021/texmf-dist/tex/latex/listings/lstlang1.sty
File: lstlang1.sty 2020/03/24 1.8d listings language file
)
(/usr/local/texlive/2021/texmf-dist/tex/latex/listings/lstlang2.sty
File: lstlang2.sty 2020/03/24 1.8d listings language file
)
(/usr/local/texlive/2021/texmf-dist/tex/latex/listings/lstlang3.sty
File: lstlang3.sty 2020/03/24 1.8d listings language file
)
(/usr/local/texlive/2021/texmf-dist/tex/latex/listings/lstmisc.sty
File: lstmisc.sty 2020/03/24 1.8d (Carsten Heinz)
)
(/usr/local/texlive/2021/texmf-dist/tex/latex/hyperref/hyperref.sty
Package: hyperref 2021-02-27 v7.00k Hypertext links for LaTeX

(/usr/local/texlive/2021/texmf-dist/tex/generic/ltxcmds/ltxcmds.sty
Package: ltxcmds 2020-05-10 v1.25 LaTeX kernel commands for general use (HO)
)
(/usr/local/texlive/2021/texmf-dist/tex/generic/iftex/iftex.sty
Package: iftex 2020/03/06 v1.0d TeX engine tests
)
(/usr/local/texlive/2021/texmf-dist/tex/generic/pdftexcmds/pdftexcmds.sty
Package: pdftexcmds 2020-06-27 v0.33 Utility functions of pdfTeX for LuaTeX (HO
)

(/usr/local/texlive/2021/texmf-dist/tex/generic/infwarerr/infwarerr.sty
Package: infwarerr 2019/12/03 v1.5 Providing info/warning/error messages (HO)
)
Package pdftexcmds Info: \pdf@primitive is available.
Package pdftexcmds Info: \pdf@ifprimitive is available.
Package pdftexcmds Info: \pdfdraftmode found.
)
(/usr/local/texlive/2021/texmf-dist/tex/generic/kvsetkeys/kvsetkeys.sty
Package: kvsetkeys 2019/12/15 v1.18 Key value parser (HO)
)
(/usr/local/texlive/2021/texmf-dist/tex/generic/kvdefinekeys/kvdefinekeys.sty
Package: kvdefinekeys 2019-12-19 v1.6 Define keys (HO)
)
(/usr/local/texlive/2021/texmf-dist/tex/generic/pdfescape/pdfescape.sty
Package: pdfescape 2019/12/09 v1.15 Implements pdfTeX's escape features (HO)
)
(/usr/local/texlive/2021/texmf-dist/tex/latex/hycolor/hycolor.sty
Package: hycolor 2020-01-27 v1.10 Color options for hyperref/bookmark (HO)
)
(/usr/local/texlive/2021/texmf-dist/tex/latex/letltxmacro/letltxmacro.sty
Package: letltxmacro 2019/12/03 v1.6 Let assignment for LaTeX macros (HO)
)
(/usr/local/texlive/2021/texmf-dist/tex/latex/auxhook/auxhook.sty
Package: auxhook 2019-12-17 v1.6 Hooks for auxiliary files (HO)
)
(/usr/local/texlive/2021/texmf-dist/tex/latex/kvoptions/kvoptions.sty
Package: kvoptions 2020-10-07 v3.14 Key value format for package options (HO)
)
\@linkdim=\dimen167
\Hy@linkcounter=\count287
\Hy@pagecounter=\count288

(/usr/local/texlive/2021/texmf-dist/tex/latex/hyperref/pd1enc.def
File: pd1enc.def 2021-02-27 v7.00k Hyperref: PDFDocEncoding definition (HO)
Now handling font encoding PD1 ...
... no UTF-8 mapping file for font encoding PD1
)
(/usr/local/texlive/2021/texmf-dist/tex/latex/hyperref/hyperref-langpatches.def
File: hyperref-langpatches.def 2021-02-27 v7.00k Hyperref: patches for babel la
nguages
) (/usr/local/texlive/2021/texmf-dist/tex/generic/intcalc/intcalc.sty
Package: intcalc 2019/12/15 v1.3 Expandable calculations with integers (HO)
)
(/usr/local/texlive/2021/texmf-dist/tex/generic/etexcmds/etexcmds.sty
Package: etexcmds 2019/12/15 v1.7 Avoid name clashes with e-TeX commands (HO)
)
\Hy@SavedSpaceFactor=\count289

(/usr/local/texlive/2021/texmf-dist/tex/latex/hyperref/puenc.def
File: puenc.def 2021-02-27 v7.00k Hyperref: PDF Unicode definition (HO)
Now handling font encoding PU ...
... no UTF-8 mapping file for font encoding PU
)
Package hyperref Info: Option `bookmarks' set `true' on input line 4073.
Package hyperref Info: Option `bookmarksnumbered' set `true' on input line 4073
.
Package hyperref Info: Option `colorlinks' set `true' on input line 4073.
Package hyperref Info: Option `breaklinks' set `true' on input line 4073.
Package hyperref Info: Option `frenchlinks' set `true' on input line 4073.
Package hyperref Info: Hyper figures OFF on input line 4192.
Package hyperref Info: Link nesting OFF on input line 4197.
Package hyperref Info: Hyper index ON on input line 4200.
Package hyperref Info: Plain pages OFF on input line 4207.
Package hyperref Info: Backreferencing OFF on input line 4212.
Package hyperref Info: Implicit mode ON; LaTeX internals redefined.
Package hyperref Info: Bookmarks ON on input line 4445.
\c@Hy@tempcnt=\count290

(/usr/local/texlive/2021/texmf-dist/tex/latex/url/url.sty
\Urlmuskip=\muskip17
Package: url 2013/09/16  ver 3.4  Verb mode for urls, etc.
)
LaTeX Info: Redefining \url on input line 4804.
\XeTeXLinkMargin=\dimen168

(/usr/local/texlive/2021/texmf-dist/tex/generic/bitset/bitset.sty
Package: bitset 2019/12/09 v1.3 Handle bit-vector datatype (HO)

(/usr/local/texlive/2021/texmf-dist/tex/generic/bigintcalc/bigintcalc.sty
Package: bigintcalc 2019/12/15 v1.5 Expandable calculations on big integers (HO
)
))
\Fld@menulength=\count291
\Field@Width=\dimen169
\Fld@charsize=\dimen170
Package hyperref Info: Hyper figures OFF on input line 6075.
Package hyperref Info: Link nesting OFF on input line 6080.
Package hyperref Info: Hyper index ON on input line 6083.
Package hyperref Info: backreferencing OFF on input line 6090.
Package hyperref Info: Link coloring ON on input line 6093.
Package hyperref Info: Link coloring with OCG OFF on input line 6100.
Package hyperref Info: PDF/A mode OFF on input line 6105.
LaTeX Info: Redefining \ref on input line 6145.
LaTeX Info: Redefining \pageref on input line 6149.

(/usr/local/texlive/2021/texmf-dist/tex/latex/base/atbegshi-ltx.sty
Package: atbegshi-ltx 2021/01/10 v1.0c Emulation of the original atbegshi
package with kernel methods
)
\Hy@abspage=\count292
\c@Item=\count293
\c@Hfootnote=\count294
)
Package hyperref Info: Driver (autodetected): hpdftex.

(/usr/local/texlive/2021/texmf-dist/tex/latex/hyperref/hpdftex.def
File: hpdftex.def 2021-02-27 v7.00k Hyperref driver for pdfTeX

(/usr/local/texlive/2021/texmf-dist/tex/latex/base/atveryend-ltx.sty
Package: atveryend-ltx 2020/08/19 v1.0a Emulation of the original atvery packag
e
with kernel methods
)
\Fld@listcount=\count295
\c@bookmark@seq@number=\count296

(/usr/local/texlive/2021/texmf-dist/tex/latex/rerunfilecheck/rerunfilecheck.sty
Package: rerunfilecheck 2019/12/05 v1.9 Rerun checks for auxiliary files (HO)

(/usr/local/texlive/2021/texmf-dist/tex/generic/uniquecounter/uniquecounter.sty
Package: uniquecounter 2019/12/15 v1.4 Provide unlimited unique counter (HO)
)
Package uniquecounter Info: New unique counter `rerunfilecheck' on input line 2
86.
)
\Hy@SectionHShift=\skip57
)
\symUPM=\mathgroup6
\wdbox=\box56
\timect=\count297
\hourct=\count298
\minct=\count299

Joe Harrington's personal setup, Wed Jun 17 10:53:17 EDT 1998
\@sp=\box57
\@sb=\box58
)
LaTeX Font Info:    Trying to load font information for OT1+ptm on input line 1
1.
 (/usr/local/texlive/2021/texmf-dist/tex/latex/psnfss/ot1ptm.fd
File: ot1ptm.fd 2001/06/04 font definitions for OT1/ptm.
)
(/usr/local/texlive/2021/texmf-dist/tex/latex/l3backend/l3backend-pdftex.def
File: l3backend-pdftex.def 2021-05-07 L3 backend support: PDF output (pdfTeX)
\l__color_backend_stack_int=\count300
\l__pdf_internal_box=\box59
)
(./LISA_user_manual.aux)
\openout1 = `LISA_user_manual.aux'.

LaTeX Font Info:    Checking defaults for OML/cmm/m/it on input line 11.
LaTeX Font Info:    ... okay on input line 11.
LaTeX Font Info:    Checking defaults for OMS/cmsy/m/n on input line 11.
LaTeX Font Info:    ... okay on input line 11.
LaTeX Font Info:    Checking defaults for OT1/cmr/m/n on input line 11.
LaTeX Font Info:    ... okay on input line 11.
LaTeX Font Info:    Checking defaults for T1/cmr/m/n on input line 11.
LaTeX Font Info:    ... okay on input line 11.
LaTeX Font Info:    Checking defaults for TS1/cmr/m/n on input line 11.
LaTeX Font Info:    ... okay on input line 11.
LaTeX Font Info:    Checking defaults for OMX/cmex/m/n on input line 11.
LaTeX Font Info:    ... okay on input line 11.
LaTeX Font Info:    Checking defaults for U/cmr/m/n on input line 11.
LaTeX Font Info:    ... okay on input line 11.
LaTeX Font Info:    Checking defaults for PD1/pdf/m/n on input line 11.
LaTeX Font Info:    ... okay on input line 11.
LaTeX Font Info:    Checking defaults for PU/pdf/m/n on input line 11.
LaTeX Font Info:    ... okay on input line 11.

(/usr/local/texlive/2021/texmf-dist/tex/context/base/mkii/supp-pdf.mkii
[Loading MPS to PDF converter (version 2006.09.02).]
\scratchcounter=\count301
\scratchdimen=\dimen171
\scratchbox=\box60
\nofMPsegments=\count302
\nofMParguments=\count303
\everyMPshowfont=\toks26
\MPscratchCnt=\count304
\MPscratchDim=\dimen172
\MPnumerator=\count305
\makeMPintoPDFobject=\count306
\everyMPtoPDFconversion=\toks27
) (/usr/local/texlive/2021/texmf-dist/tex/latex/epstopdf-pkg/epstopdf-base.sty
Package: epstopdf-base 2020-01-24 v2.11 Base part for package epstopdf
Package epstopdf-base Info: Redefining graphics rule for `.eps' on input line 4
85.

(/usr/local/texlive/2021/texmf-dist/tex/latex/latexconfig/epstopdf-sys.cfg
File: epstopdf-sys.cfg 2010/07/13 v1.3 Configuration of (r)epstopdf for TeX Liv
e
))
\c@lstlisting=\count307
Package hyperref Info: Link coloring ON on input line 11.

(/usr/local/texlive/2021/texmf-dist/tex/latex/hyperref/nameref.sty
Package: nameref 2021-04-02 v2.47 Cross-referencing by name of section

(/usr/local/texlive/2021/texmf-dist/tex/latex/refcount/refcount.sty
Package: refcount 2019/12/15 v3.6 Data extraction from label references (HO)
)
(/usr/local/texlive/2021/texmf-dist/tex/generic/gettitlestring/gettitlestring.s
ty
Package: gettitlestring 2019/12/15 v1.6 Cleanup title references (HO)
)
\c@section@level=\count308
)
LaTeX Info: Redefining \ref on input line 11.
LaTeX Info: Redefining \pageref on input line 11.
LaTeX Info: Redefining \nameref on input line 11.
 (./LISA_user_manual.out) (./LISA_user_manual.out)
\@outlinefile=\write3
\openout3 = `LISA_user_manual.out'.

LaTeX Font Info:    Trying to load font information for U+msa on input line 33.


(/usr/local/texlive/2021/texmf-dist/tex/latex/amsfonts/umsa.fd
File: umsa.fd 2013/01/14 v3.01 AMS symbols A
)
LaTeX Font Info:    Trying to load font information for U+msb on input line 33.


(/usr/local/texlive/2021/texmf-dist/tex/latex/amsfonts/umsb.fd
File: umsb.fd 2013/01/14 v3.01 AMS symbols B
)
LaTeX Font Info:    Trying to load font information for U+eur on input line 33.


(/usr/local/texlive/2021/texmf-dist/tex/latex/amsfonts/ueur.fd
File: ueur.fd 2013/01/14 v3.01 Euler Roman
) [1

{/usr/local/texlive/2021/texmf-var/fonts/map/pdftex/updmap/pdftex.map}]
(./LISA_user_manual.toc)
\tf@toc=\write4
\openout4 = `LISA_user_manual.toc'.

pdfTeX warning (ext4): destination with the same identifier (name{page.1}) has 
been already used, duplicate ignored
<to be read again> 
                   \relax 
l.49 \newpage
              [1]
LaTeX Font Info:    Trying to load font information for TS1+ptm on input line 5
5.

(/usr/local/texlive/2021/texmf-dist/tex/latex/psnfss/ts1ptm.fd
File: ts1ptm.fd 2001/06/04 font definitions for TS1/ptm.
)
Underfull \hbox (badness 10000) in paragraph at lines 64--68

 []


Underfull \hbox (badness 10000) in paragraph at lines 69--80

 []


Underfull \hbox (badness 10000) in paragraph at lines 81--85

 []


Underfull \hbox (badness 10000) in paragraph at lines 86--89

 []

LaTeX Font Info:    Trying to load font information for OT1+pcr on input line 1
02.
(/usr/local/texlive/2021/texmf-dist/tex/latex/psnfss/ot1pcr.fd
File: ot1pcr.fd 2001/06/04 font definitions for OT1/pcr.
) [2]
Underfull \hbox (badness 10000) in paragraph at lines 135--136

 []


Underfull \hbox (badness 10000) in paragraph at lines 161--163

 []


Underfull \hbox (badness 10000) in paragraph at lines 168--169

 []


Underfull \hbox (badness 10000) in paragraph at lines 175--177

 []

[3]
Underfull \hbox (badness 10000) in paragraph at lines 207--212

 []


Underfull \hbox (badness 10000) in paragraph at lines 225--227

 []


Overfull \hbox (19.8448pt too wide) in paragraph at lines 232--237
\OT1/pcr/m/n/12 argument (the desired algorithm; options are listed below), and
 they
 []


Overfull \hbox (12.6448pt too wide) in paragraph at lines 232--237
\OT1/pcr/m/n/12 take keyword arguments for the different parameters of the samp
ling
 []

[4]
Overfull \hbox (20.41951pt too wide) in paragraph at lines 243--244
[]\OT1/pcr/m/n/12 dnest4 : Diffusive NS implementation of Brewer & Foreman-Mack
ey
 []


Overfull \hbox (49.2195pt too wide) in paragraph at lines 246--247
[]\OT1/pcr/m/n/12 polychord: PolyChord NS algorithm of Handley et al. (2015a, 2
015b) 
 []


Overfull \hbox (27.6195pt too wide) in paragraph at lines 249--250
[]\OT1/pcr/m/n/12 ultranest: UltraNest NS algorithm of Buchner (2014, 2016, 201
9). 
 []


Overfull \hbox (41.4448pt too wide) in paragraph at lines 252--259
\OT1/pcr/m/n/12 The choice of sampling algorithm also decides the allowed input
s. Each
 []


Overfull \hbox (55.84479pt too wide) in paragraph at lines 252--259
\OT1/pcr/m/n/12 sampler's inputs are listed in the following subsections. Bold 
indicates
 []


Overfull \hbox (27.0448pt too wide) in paragraph at lines 252--259
\OT1/pcr/m/n/12 a parameter that must be specified (typically, they have no def
ault);
 []


Overfull \hbox (55.84479pt too wide) in paragraph at lines 252--259
\OT1/pcr/m/n/12 optional parameters are given reasonable defaults. Section [][]
5.2[][] describes
 []


Overfull \hbox (5.44481pt too wide) in paragraph at lines 252--259
\OT1/pcr/m/n/12 each parameter. Note that some `optional' parameters can strong
ly
 []


Overfull \hbox (27.0448pt too wide) in paragraph at lines 252--259
\OT1/pcr/m/n/12 influence the results (e.g., dlogz for nested samplers), so use
rs are
 []

[5] [6] [7]
Overfull \hbox (19.8448pt too wide) in paragraph at lines 369--372
\OT1/pcr/m/n/12 Users are only required to specify the relevant parameters list
ed in
 []


Overfull \hbox (55.84479pt too wide) in paragraph at lines 369--372
\OT1/pcr/m/n/12 the previous section. Each parameter is described below, alphab
etically.
 []


Overfull \hbox (34.8195pt too wide) in paragraph at lines 374--376
[]\OT1/pcr/m/n/12 beta : float. DNest4 only. From their docs: strength of effec
t
 []

[8]
Overfull \hbox (63.61949pt too wide) in paragraph at lines 376--383
[]\OT1/pcr/m/n/12 bound : str. Dynesty only. Option to bound the target distrib
ution.
 []


Overfull \hbox (13.21951pt too wide) in paragraph at lines 376--383
\OT1/pcr/m/n/12 Choices: none (sample from unit cube), single (one ellipsoid),
 []


Overfull \hbox (49.2195pt too wide) in paragraph at lines 376--383
\OT1/pcr/m/n/12 multi (multiple possibly overlapping ellipsoids), balls (overla
pping
 []


Overfull \hbox (56.4195pt too wide) in paragraph at lines 376--383
\OT1/pcr/m/n/12 balls centered on each live point), cubes (overlapping cubes ce
ntered
 []


Overfull \hbox (20.41951pt too wide) in paragraph at lines 384--386
[]\OT1/pcr/m/n/12 data : array, Numpy binary. Measured data for inference. Must

 []


Overfull \hbox (6.01952pt too wide) in paragraph at lines 386--389
[]\OT1/pcr/m/n/12 dlogz : float. Target evidence uncertainty (stops when below
 []


Overfull \hbox (63.61949pt too wide) in paragraph at lines 386--389
\OT1/pcr/m/n/12 this value). Lower = more accurate, but also requires longer ru
ntime.
 []


Overfull \hbox (34.8195pt too wide) in paragraph at lines 389--391
[]\OT1/pcr/m/n/12 dumper : object. Polychord only. Function to output info duri
ng
 []


Overfull \hbox (20.41951pt too wide) in paragraph at lines 391--393
[]\OT1/pcr/m/n/12 fbestp : str. Filename for array of best-fit parameters. Must

 []


Overfull \hbox (6.01952pt too wide) in paragraph at lines 393--395
[]\OT1/pcr/m/n/12 fext : str. File extension for saved plots. Options: .png,
 []


Overfull \hbox (42.0195pt too wide) in paragraph at lines 395--397
[]\OT1/pcr/m/n/12 flog : str. MCMCs only. /path/to/log file to save out. Defaul
t:
 []


Overfull \hbox (20.41951pt too wide) in paragraph at lines 397--403
[]\OT1/pcr/m/n/12 fprefix : str. Prefix for output filenames. Recommended to be

 []


Overfull \hbox (13.21951pt too wide) in paragraph at lines 397--403
\OT1/pcr/m/n/12 a directory (possibly with a prefix for all produced files), as

 []


Overfull \hbox (42.0195pt too wide) in paragraph at lines 397--403
\OT1/pcr/m/n/12 this will create a subdirectory within `outputdir`. Default: pm
n/
 []


Overfull \hbox (63.61949pt too wide) in paragraph at lines 403--407
[]\OT1/pcr/m/n/12 fsavefile : str. Filename to store parameters explored. If re
lative
 []


Overfull \hbox (171.61945pt too wide) in paragraph at lines 403--407
\OT1/pcr/m/n/12 path, it is considered with respect to `outputdir`. Default: `o
utputdir`/output.npy 
 []


Overfull \hbox (6.01952pt too wide) in paragraph at lines 407--417
[]\OT1/pcr/m/n/12 fsavemodel : str. MCMCs only (currently). Filename to store
 []


Overfull \hbox (6.01952pt too wide) in paragraph at lines 407--417
\OT1/pcr/m/n/12 models, corresponding to the parameters. If relative path, it
 []


Overfull \hbox (20.41951pt too wide) in paragraph at lines 407--417
\OT1/pcr/m/n/12 is considered with respect to `outputdir`. If None, file is not

 []


Overfull \hbox (49.2195pt too wide) in paragraph at lines 407--417
\OT1/pcr/m/n/12 saved. Beware: the file may be extremely large if the model out
put
 []


Overfull \hbox (27.6195pt too wide) in paragraph at lines 407--417
\OT1/pcr/m/n/12 has high dimensionality. See `modelper' to have it automaticall
y
 []


Overfull \hbox (39.13951pt too wide) in paragraph at lines 417--419
[]\OT1/pcr/m/n/12 frac[]remain : float. UltraNest only. Sets the fraction remai
nder
 []


Overfull \hbox (27.6195pt too wide) in paragraph at lines 419--421
[]\OT1/pcr/m/n/12 hsize : int. Snooker only. Number of samples per chain to see
d
 []

[9]
Overfull \hbox (20.41951pt too wide) in paragraph at lines 421--422
[]\OT1/pcr/m/n/12 indparams : list. MCMCs only. Additional parameters needed by

 []


Overfull \hbox (34.8195pt too wide) in paragraph at lines 422--425
[]\OT1/pcr/m/n/12 kll : object. Datasketches KLL object, for model quantiles. U
se
 []


Overfull \hbox (34.8195pt too wide) in paragraph at lines 422--425
\OT1/pcr/m/n/12 None if not desired or if Datasketches is not installed. Defaul
t:
 []


Overfull \hbox (34.8195pt too wide) in paragraph at lines 425--427
[]\OT1/pcr/m/n/12 lam : float. DNest 4 only. From their docs: backtracking scal
e
 []


Overfull \hbox (27.6195pt too wide) in paragraph at lines 427--430
[]\OT1/pcr/m/n/12 Lepsilon : float. UltraNest only. From their docs: "Terminate

 []


Overfull \hbox (85.21948pt too wide) in paragraph at lines 427--430
\OT1/pcr/m/n/12 when live point likelihoods are all the same, within Lepsilon t
olerance." 
 []


Overfull \hbox (20.41951pt too wide) in paragraph at lines 430--432
[]\OT1/pcr/m/n/12 loglike : object. Nested samplers only. Function defining the

 []


Overfull \hbox (3.13953pt too wide) in paragraph at lines 432--433
[]\OT1/pcr/m/n/12 min[]ess : int. Minimum effective sample size (ESS). Default:

 []


Overfull \hbox (34.8195pt too wide) in paragraph at lines 434--440
[]\OT1/pcr/m/n/12 modelper : int. MCMCs only. Sets how to split `fsavemodel` in
to
 []


Overfull \hbox (42.0195pt too wide) in paragraph at lines 434--440
\OT1/pcr/m/n/12 subfiles. If 0, does not split. If >0, saves out every `modelpe
r`
 []


Overfull \hbox (20.41951pt too wide) in paragraph at lines 434--440
\OT1/pcr/m/n/12 iterations. E.g., if nchains=10 and modelper=5, splits every 50

 []


Overfull \hbox (34.8195pt too wide) in paragraph at lines 440--442
[]\OT1/pcr/m/n/12 multitry : int. DREAM only. Determines whether to use multi-t
ry
 []


Overfull \hbox (56.4195pt too wide) in paragraph at lines 443--445
[]\OT1/pcr/m/n/12 niter : int. Maximum number of iterations. Nested samplers de
fault
 []


Overfull \hbox (20.41951pt too wide) in paragraph at lines 445--446
[]\OT1/pcr/m/n/12 nlive : int. (Minimum) number of live points to use. Default:

 []


Overfull \hbox (17.53952pt too wide) in paragraph at lines 446--450
[]\OT1/pcr/m/n/12 nlive[]batch: int. Dynesty only. From their docs: "The number

 []


Overfull \hbox (20.41951pt too wide) in paragraph at lines 446--450
\OT1/pcr/m/n/12 of live points used when adding additional samples from a neste
d
 []


Overfull \hbox (6.01952pt too wide) in paragraph at lines 450--452
[]\OT1/pcr/m/n/12 nlevel : int. DNest4 only. From their docs: Maximum number
 []


Overfull \hbox (20.41951pt too wide) in paragraph at lines 452--454
[]\OT1/pcr/m/n/12 nlevelint : int. DNest4 only. Number of moves before creating

 []


Overfull \hbox (42.0195pt too wide) in paragraph at lines 454--456
[]\OT1/pcr/m/n/12 nperstep : int. DNest4 only. Number of moves per MCMC iterati
on.
 []


Overfull \hbox (6.01952pt too wide) in paragraph at lines 456--461
[]\OT1/pcr/m/n/12 nrepeat : int. Polychord only. From their docs: The number
 []


Overfull \hbox (34.8195pt too wide) in paragraph at lines 456--461
\OT1/pcr/m/n/12 of slice slice-sampling steps to generate a new point. Increasi
ng
 []


Overfull \hbox (13.21951pt too wide) in paragraph at lines 456--461
\OT1/pcr/m/n/12 [nrepeat] increases the reliability of the algorithm. Default:
 []

[10]
Overfull \hbox (20.41951pt too wide) in paragraph at lines 461--462
[]\OT1/pcr/m/n/12 outputdir : str. path/to/directory where output will be saved
. 
 []


Overfull \hbox (20.41951pt too wide) in paragraph at lines 462--464
[]\OT1/pcr/m/n/12 perturb : object. DNest4 only. Function that proposes changes

 []


Overfull \hbox (20.41951pt too wide) in paragraph at lines 464--469
[]\OT1/pcr/m/n/12 pinit : array, Numpy binary. For MCMCs, initial parameters fo
r
 []


Overfull \hbox (6.01952pt too wide) in paragraph at lines 464--469
\OT1/pcr/m/n/12 samplers. For nested sampling algorithms, values are used for
 []


Overfull \hbox (20.41951pt too wide) in paragraph at lines 464--469
\OT1/pcr/m/n/12 parameters that are held constant, if any. Must be Numpy array,

 []


Overfull \hbox (13.21951pt too wide) in paragraph at lines 469--471
[]\OT1/pcr/m/n/12 pmax : array, Numpy binary. Maximum value for each parameter.

 []


Overfull \hbox (13.21951pt too wide) in paragraph at lines 471--473
[]\OT1/pcr/m/n/12 pmin : array, Numpy binary. Minimum value for each parameter.

 []


Overfull \hbox (13.21951pt too wide) in paragraph at lines 473--476
[]\OT1/pcr/m/n/12 pnames : array. Name of each parameter (can use some LaTeX if

 []


Overfull \hbox (13.21951pt too wide) in paragraph at lines 477--483
[]\OT1/pcr/m/n/12 pstep : array. Step size for each parameter. For MCMCs, only
 []


Overfull \hbox (49.2195pt too wide) in paragraph at lines 477--483
\OT1/pcr/m/n/12 matters for the initial samples and determining constant parame
ters,
 []


Overfull \hbox (78.01949pt too wide) in paragraph at lines 477--483
\OT1/pcr/m/n/12 as step size is automatically adjusted. For nested sampling alg
orithms,
 []


Overfull \hbox (13.21951pt too wide) in paragraph at lines 483--487
[]\OT1/pcr/m/n/12 resample : float. DNest4 only. Must be non-negative. If >0,
 []


Overfull \hbox (6.01952pt too wide) in paragraph at lines 483--487
\OT1/pcr/m/n/12 corresponds to a factor affecting the number of draws from the
 []


Overfull \hbox (13.21951pt too wide) in paragraph at lines 487--489
[]\OT1/pcr/m/n/12 resume: bool. Determines whether to resume a previous run, if

 []


Overfull \hbox (63.61949pt too wide) in paragraph at lines 489--498
[]\OT1/pcr/m/n/12 sample : str. Dynesty only. Sampling method. Choices (descrip
tions
 []


Overfull \hbox (13.21951pt too wide) in paragraph at lines 489--498
\OT1/pcr/m/n/12 from their docs): unif (uniform sampling), rwalk (random walks
 []


Overfull \hbox (27.6195pt too wide) in paragraph at lines 489--498
\OT1/pcr/m/n/12 from current live point), rstagger (random "staggering" away fr
om
 []


Overfull \hbox (20.41951pt too wide) in paragraph at lines 489--498
\OT1/pcr/m/n/12 current live point), slice (multivariate slice sampling), rslic
e
 []


Overfull \hbox (13.21951pt too wide) in paragraph at lines 489--498
\OT1/pcr/m/n/12 (random slice sampling), hslice ("Hamiltonian" slice sampling),

 []


Overfull \hbox (6.01952pt too wide) in paragraph at lines 489--498
\OT1/pcr/m/n/12 auto (automatically selected based on problem dimensionality).
 []


Overfull \hbox (13.21951pt too wide) in paragraph at lines 498--504
[]\OT1/pcr/m/n/12 thinning : int. Thinning factor for the posterior (keep every

 []


Overfull \hbox (20.41951pt too wide) in paragraph at lines 498--504
\OT1/pcr/m/n/12 N iterations). Example: a thinning factor of 3 will keep every
 []


Overfull \hbox (6.01952pt too wide) in paragraph at lines 498--504
\OT1/pcr/m/n/12 third iteration. Only recommended when the computed posterior
 []


Overfull \hbox (27.6195pt too wide) in paragraph at lines 504--506
[]\OT1/pcr/m/n/12 truepars : array, Numpy binary. Known true values for the mod
el
 []

[11]
Overfull \hbox (34.8195pt too wide) in paragraph at lines 506--508
[]\OT1/pcr/m/n/12 uncert : array, Numpy binary. Data uncertainties. Must be Num
py
 []


Overfull \hbox (27.6195pt too wide) in paragraph at lines 508--513
[]\OT1/pcr/m/n/12 verb : int. Verbosity level. If 0, only essential messages ar
e
 []


Overfull \hbox (20.41951pt too wide) in paragraph at lines 508--513
\OT1/pcr/m/n/12 printed by LISA. If 1, prints additional messages (e.g., loadin
g
 []


Overfull \hbox (63.61949pt too wide) in paragraph at lines 508--513
\OT1/pcr/m/n/12 data files). In the future, additional levels may be added. Def
ault:
 []


Overfull \hbox (63.04478pt too wide) in paragraph at lines 519--522
\OT1/pcr/m/n/12 LISA has two main functions: setup and run. setup returns an in
itialized
 []


Overfull \hbox (77.44478pt too wide) in paragraph at lines 519--522
\OT1/pcr/m/n/12 Sampler object. run returns the Sampler object (with additional
 attributes:
 []


Overfull \hbox (34.2448pt too wide) in paragraph at lines 519--522
\OT1/pcr/m/n/12 outp for the posterior and bestp for the best parameters) and p
roduces
 []


Overfull \hbox (13.21951pt too wide) in paragraph at lines 525--527
[]\OT1/pcr/m/n/12 samp: Sampler object. Contains the attributes listed Sections

 []


Overfull \hbox (70.81949pt too wide) in paragraph at lines 531--532
[]\OT1/pcr/m/n/12 pairwise: corner plot of histograms of the 2D marginalized po
steriors. 
 []


Overfull \hbox (6.01952pt too wide) in paragraph at lines 532--533
[]\OT1/pcr/m/n/12 posterior: histogram plots of the 1D marginalized posteriors.
 
 []


Overfull \hbox (41.4448pt too wide) in paragraph at lines 536--539
\OT1/pcr/m/n/12 If fsavefile and fbestp are not None, there are two NPY files p
roduced. 
 []


Overfull \hbox (5.44481pt too wide) in paragraph at lines 543--545
\OT1/pcr/m/n/12 Except for dynesty, each sampler also has additional output fil
es,
 []


Underfull \hbox (badness 10000) in paragraph at lines 543--545

 []


Overfull \hbox (34.2448pt too wide) in paragraph at lines 552--555
\OT1/pcr/m/n/12 DNest4 produces some files about the sampler's history. All are
 saved
 []


Overfull \hbox (2.56482pt too wide) in paragraph at lines 552--555
\OT1/pcr/m/n/12 into `outputdir` EXCEPT for sampler[]state.txt, which is saved 
into
 []


Overfull \hbox (5.44481pt too wide) in paragraph at lines 552--555
\OT1/pcr/m/n/12 the directory where LISA was executed from. For more details, s
ee
 []

[12]
Overfull \hbox (17.53952pt too wide) in paragraph at lines 558--560
[]\OT1/pcr/m/n/12 marginals[]multinest.png: plot of the 1D marginalized posteri
ors
 []


Overfull \hbox (27.0448pt too wide) in paragraph at lines 561--564
\OT1/pcr/m/n/12 Additionally, a subdirectory containing the files necessary to 
resume
 []


Overfull \hbox (48.64479pt too wide) in paragraph at lines 561--564
\OT1/pcr/m/n/12 the run as well as summary plots and files is created (default 
is pmn/).
 []


Overfull \hbox (34.2448pt too wide) in paragraph at lines 571--574
\OT1/pcr/m/n/12 UltraNest's output gets saved into a subdirectory named `run` f
ollowed
 []


Overfull \hbox (27.0448pt too wide) in paragraph at lines 571--574
\OT1/pcr/m/n/12 by a number. It contains a log file, chain histories, summary f
iles,
 []


Overfull \hbox (12.6448pt too wide) in paragraph at lines 578--581
\OT1/pcr/m/n/12 This section will cover some frequently asked questions about u
sing
 []


Overfull \hbox (12.6448pt too wide) in paragraph at lines 578--581
\OT1/pcr/m/n/12 LISA. Have a question that isn't answered below? Please send it
 to
 []


Underfull \hbox (badness 10000) in paragraph at lines 578--581

 []


Overfull \hbox (19.8448pt too wide) in paragraph at lines 582--599
\OT1/pcr/b/n/12 Q: What is effective sample size (ESS) and why should I care? \
OT1/pcr/m/n/12 A: As
 []


Overfull \hbox (63.04478pt too wide) in paragraph at lines 582--599
\OT1/pcr/m/n/12 Bayesian samplers explore a phase space, the subsequent sets of
 parameters
 []


Overfull \hbox (5.44481pt too wide) in paragraph at lines 582--599
\OT1/pcr/m/n/12 are based in part on earlier sets of parameters. Thus, iteratio
ns
 []


Overfull \hbox (5.44481pt too wide) in paragraph at lines 582--599
\OT1/pcr/m/n/12 are correlated. After some number of samples, new iterations wi
ll
 []


Overfull \hbox (34.2448pt too wide) in paragraph at lines 582--599
\OT1/pcr/m/n/12 ``forget'' some of the earlier samples. Yet, we are really inte
rested
 []


Overfull \hbox (48.64479pt too wide) in paragraph at lines 582--599
\OT1/pcr/m/n/12 in the number of independent samples, as that will inform how t
horoughly
 []


Overfull \hbox (41.4448pt too wide) in paragraph at lines 582--599
\OT1/pcr/m/n/12 the phase space has been explored (taking a bunch of correlated
 samples
 []


Overfull \hbox (70.24478pt too wide) in paragraph at lines 582--599
\OT1/pcr/m/n/12 doesn't give us much new information!). The number of iteration
s necessary
 []


Overfull \hbox (12.6448pt too wide) in paragraph at lines 582--599
\OT1/pcr/m/n/12 before a new sample is independent of a given earlier sample (s
teps
 []


Overfull \hbox (34.2448pt too wide) in paragraph at lines 582--599
\OT1/pcr/m/n/12 per effective independent sample, SPEIS) informs the ESS. For e
xample,
 []


Overfull \hbox (19.8448pt too wide) in paragraph at lines 582--599
\OT1/pcr/m/n/12 if we have 20,000 samples, but a given sample is correlated wit
h the
 []


Overfull \hbox (19.8448pt too wide) in paragraph at lines 582--599
\OT1/pcr/m/n/12 previous 100 samples, then the ESS is just 20000 / 100, or 200.
 The
 []


Overfull \hbox (12.6448pt too wide) in paragraph at lines 582--599
\OT1/pcr/m/n/12 ESS value, in turn, informs us of the accuracy of a credible re
gion
 []


Overfull \hbox (55.84479pt too wide) in paragraph at lines 582--599
\OT1/pcr/m/n/12 determined from the posterior distribution. Without providing a
 detailed
 []


Overfull \hbox (63.04478pt too wide) in paragraph at lines 582--599
\OT1/pcr/m/n/12 proof (interested readers can find it in Harrington et al. 2021
, Appendix
 []


Overfull \hbox (7.51305pt too wide) in paragraph at lines 582--599
\OT1/pcr/m/n/12 A), the relationship between the ESS, a credible region $[]$, a
nd the
 []

[13]
Overfull \hbox (34.15376pt too wide) in paragraph at lines 601--605
\OT1/pcr/m/n/12 Thus, for a 0.5% uncertainty on the 95.45% region (2$\OML/cmm/m
/it/12 ^^[$ \OT1/pcr/m/n/12 for a Gaussian),
 []


Overfull \hbox (7.57817pt too wide) in paragraph at lines 601--605
\OT1/pcr/m/n/12 an ESS $\OMS/cmsy/m/n/12 ^^Y$ \OT1/pcr/m/n/12 1700 is required.
 A SPEIS of 1000 would thus require 1.7
 []


Overfull \hbox (19.8448pt too wide) in paragraph at lines 609--612
\OT1/pcr/m/n/12 Please note that this software has not been officially released
 yet;
 []


Overfull \hbox (19.8448pt too wide) in paragraph at lines 609--612
\OT1/pcr/m/n/12 see the license for some restrictions on its usage prior to rel
ease.
 []


Overfull \hbox (12.6448pt too wide) in paragraph at lines 609--612
\OT1/pcr/m/n/12 Upon release, we will add the relevant citation here, with a Bi
btex
 []

[14] (./LISA_user_manual.aux)
Package rerunfilecheck Info: File `LISA_user_manual.out' has not changed.
(rerunfilecheck)             Checksum: 1F6FFD326E525308689900F896E7E129;3260.
 ) 
Here is how much of TeX's memory you used:
 12604 strings out of 478557
 180349 string characters out of 5850911
 603699 words of memory out of 5000000
 30242 multiletter control sequences out of 15000+600000
 439553 words of font info for 100 fonts, out of 8000000 for 9000
 1141 hyphenation exceptions out of 8191
 65i,8n,76p,2608b,472s stack positions out of 5000i,500n,10000p,200000b,80000s
{/usr/local/texlive/2021/texmf-dist/fonts/enc/dvips/base/8r.enc}</usr/local/t
exlive/2021/texmf-dist/fonts/type1/public/amsfonts/cm/cmmi12.pfb></usr/local/te
xlive/2021/texmf-dist/fonts/type1/public/amsfonts/cm/cmmi8.pfb></usr/local/texl
ive/2021/texmf-dist/fonts/type1/public/amsfonts/cm/cmr12.pfb></usr/local/texliv
e/2021/texmf-dist/fonts/type1/public/amsfonts/cm/cmr8.pfb></usr/local/texlive/2
021/texmf-dist/fonts/type1/public/amsfonts/cm/cmsy10.pfb></usr/local/texlive/20
21/texmf-dist/fonts/type1/urw/courier/ucrb8a.pfb></usr/local/texlive/2021/texmf
-dist/fonts/type1/urw/courier/ucrr8a.pfb></usr/local/texlive/2021/texmf-dist/fo
nts/type1/urw/times/utmb8a.pfb></usr/local/texlive/2021/texmf-dist/fonts/type1/
urw/times/utmr8a.pfb></usr/local/texlive/2021/texmf-dist/fonts/type1/urw/times/
utmri8a.pfb>
Output written on LISA_user_manual.pdf (15 pages, 141645 bytes).
PDF statistics:
 263 PDF objects out of 1000 (max. 8388607)
 223 compressed objects within 3 object streams
 42 named destinations out of 1000 (max. 500000)
 185 words of extra memory for PDF output out of 10000 (max. 10000000)

