\BOOKMARK [1][-]{section.1}{\376\377\0001\000\040\000T\000e\000a\000m\000\040\000M\000e\000m\000b\000e\000r\000s}{}% 1
\BOOKMARK [1][-]{section.2}{\376\377\0002\000\040\000I\000n\000t\000r\000o\000d\000u\000c\000t\000i\000o\000n}{}% 2
\BOOKMARK [1][-]{section.3}{\376\377\0003\000\040\000I\000n\000s\000t\000a\000l\000l\000a\000t\000i\000o\000n}{}% 3
\BOOKMARK [2][-]{subsection.3.1}{\376\377\0003\000.\0001\000\040\000S\000y\000s\000t\000e\000m\000\040\000R\000e\000q\000u\000i\000r\000e\000m\000e\000n\000t\000s}{section.3}% 4
\BOOKMARK [2][-]{subsection.3.2}{\376\377\0003\000.\0002\000\040\000I\000n\000s\000t\000a\000l\000l\000\040\000a\000n\000d\000\040\000C\000o\000m\000p\000i\000l\000e}{section.3}% 5
\BOOKMARK [1][-]{section.4}{\376\377\0004\000\040\000E\000x\000a\000m\000p\000l\000e}{}% 6
\BOOKMARK [1][-]{section.5}{\376\377\0005\000\040\000P\000r\000o\000g\000r\000a\000m\000\040\000I\000n\000p\000u\000t\000s}{}% 7
\BOOKMARK [2][-]{subsection.5.1}{\376\377\0005\000.\0001\000\040\000S\000a\000m\000p\000l\000i\000n\000g\000\040\000A\000l\000g\000o\000r\000i\000t\000h\000m}{section.5}% 8
\BOOKMARK [3][-]{subsubsection.5.1.1}{\376\377\0005\000.\0001\000.\0001\000\040\000d\000e\000m\000c\000\040\000\046\000\040\000s\000n\000o\000o\000k\000e\000r}{subsection.5.1}% 9
\BOOKMARK [3][-]{subsubsection.5.1.2}{\376\377\0005\000.\0001\000.\0002\000\040\000d\000r\000e\000a\000m}{subsection.5.1}% 10
\BOOKMARK [3][-]{subsubsection.5.1.3}{\376\377\0005\000.\0001\000.\0003\000\040\000d\000n\000e\000s\000t\0004}{subsection.5.1}% 11
\BOOKMARK [3][-]{subsubsection.5.1.4}{\376\377\0005\000.\0001\000.\0004\000\040\000d\000y\000n\000e\000s\000t\000y\000,\000\040\000m\000u\000l\000t\000i\000n\000e\000s\000t\000,\000\040\000p\000o\000l\000y\000c\000h\000o\000r\000d\000,\000\040\000\046\000\040\000u\000l\000t\000r\000a\000n\000e\000s\000t}{subsection.5.1}% 12
\BOOKMARK [2][-]{subsection.5.2}{\376\377\0005\000.\0002\000\040\000P\000a\000r\000a\000m\000e\000t\000e\000r\000\040\000D\000i\000c\000t\000i\000o\000n\000a\000r\000y}{section.5}% 13
\BOOKMARK [1][-]{section.6}{\376\377\0006\000\040\000P\000r\000o\000g\000r\000a\000m\000\040\000O\000u\000t\000p\000u\000t\000s}{}% 14
\BOOKMARK [2][-]{subsection.6.1}{\376\377\0006\000.\0001\000\040\000R\000e\000t\000u\000r\000n\000s}{section.6}% 15
\BOOKMARK [2][-]{subsection.6.2}{\376\377\0006\000.\0002\000\040\000O\000u\000t\000p\000u\000t\000\040\000F\000i\000l\000e\000s}{section.6}% 16
\BOOKMARK [2][-]{subsection.6.3}{\376\377\0006\000.\0003\000\040\000d\000e\000m\000c\000\040\000\046\000\040\000s\000n\000o\000o\000k\000e\000r}{section.6}% 17
\BOOKMARK [2][-]{subsection.6.4}{\376\377\0006\000.\0004\000\040\000d\000n\000e\000s\000t\0004}{section.6}% 18
\BOOKMARK [2][-]{subsection.6.5}{\376\377\0006\000.\0005\000\040\000m\000u\000l\000t\000i\000n\000e\000s\000t}{section.6}% 19
\BOOKMARK [2][-]{subsection.6.6}{\376\377\0006\000.\0006\000\040\000p\000o\000l\000y\000c\000h\000o\000r\000d}{section.6}% 20
\BOOKMARK [2][-]{subsection.6.7}{\376\377\0006\000.\0007\000\040\000u\000l\000t\000r\000a\000n\000e\000s\000t}{section.6}% 21
\BOOKMARK [1][-]{section.7}{\376\377\0007\000\040\000F\000A\000Q}{}% 22
\BOOKMARK [1][-]{section.8}{\376\377\0008\000\040\000B\000e\000\040\000K\000i\000n\000d}{}% 23
